Using pre-set license
Built from '2020.2/staging' branch; Version is '2020.2.7f1 (c53830e277f1) revision 12924976'; Using compiler version '192528614'; Build Type 'Release'
OS: 'Windows 10 Pro; OS build 18363.900; Version 1909; 64bit' Language: 'en' Physical Memory: 8101 MB
BatchMode: 1, IsHumanControllingUs: 0, StartBugReporterOnCrash: 0, Is64bit: 1, IsPro: 0

 COMMAND LINE ARGUMENTS:
C:\2020.2.7f1\Editor\Unity.exe
-adb2
-batchMode
-noUpm
-name
AssetImportWorker0
-projectPath
D:/UNITY/Zer0Sum_final
-logFile
Logs/AssetImportWorker0.log
-srvPort
64521
Successfully changed project path to: D:/UNITY/Zer0Sum_final
D:/UNITY/Zer0Sum_final
Using Asset Import Pipeline V2.
Refreshing native plugins compatible for Editor in 132.72 ms, found 0 plugins.
Preloading 0 native plugins for Editor in 0.00 ms.
Initialize engine version: 2020.2.7f1 (c53830e277f1)
[Subsystems] Discovering subsystems at path C:/2020.2.7f1/Editor/Data/Resources/UnitySubsystems
[Subsystems] Discovering subsystems at path D:/UNITY/Zer0Sum_final/Assets
GfxDevice: creating device client; threaded=0
Direct3D:
    Version:  Direct3D 11.0 [level 11.1]
    Renderer: Intel(R) UHD Graphics 620 (ID=0x5917)
    Vendor:   
    VRAM:     4050 MB
    Driver:   27.20.100.8190
Shader 'Universal Render Pipeline/Particles/Lit': fallback shader 'Universal Render Pipeline/Particles/SimpleLit' not found
Initialize mono
Mono path[0] = 'C:/2020.2.7f1/Editor/Data/Managed'
Mono path[1] = 'C:/2020.2.7f1/Editor/Data/MonoBleedingEdge/lib/mono/unityjit'
Mono config path = 'C:/2020.2.7f1/Editor/Data/MonoBleedingEdge/etc'
Using monoOptions --debugger-agent=transport=dt_socket,embedding=1,server=y,suspend=n,address=127.0.0.1:56012
Begin MonoManager ReloadAssembly
Registering precompiled unity dll's ...
Register platform support module: C:/2020.2.7f1/Editor/Data/PlaybackEngines/WindowsStandaloneSupport/UnityEditor.WindowsStandalone.Extensions.dll
Registered in 0.004095 seconds.
Native extension for WindowsStandalone target not found
Refreshing native plugins compatible for Editor in 106.95 ms, found 0 plugins.
Preloading 0 native plugins for Editor in 0.00 ms.
Invoked RoslynAnalysisRunner static constructor.
RoslynAnalysisRunner will not be running.
RoslynAnalysisRunner has terminated.
Mono: successfully reloaded assembly
- Completed reload, in  2.262 seconds
Platform modules already initialized, skipping
Registering precompiled user dll's ...
Registered in 0.002380 seconds.
Begin MonoManager ReloadAssembly
Native extension for WindowsStandalone target not found
Refreshing native plugins compatible for Editor in 108.33 ms, found 0 plugins.
Preloading 0 native plugins for Editor in 0.00 ms.
Invoked RoslynAnalysisRunner static constructor.
RoslynAnalysisRunner will not be running.
RoslynAnalysisRunner has terminated.
Mono: successfully reloaded assembly
- Completed reload, in  2.129 seconds
Platform modules already initialized, skipping
========================================================================
Worker process is ready to serve import requests
Shader 'Universal Render Pipeline/Particles/Lit': fallback shader 'Universal Render Pipeline/Particles/SimpleLit' not found
Launched and connected shader compiler UnityShaderCompiler.exe after 0.09 seconds
Refreshing native plugins compatible for Editor in 0.84 ms, found 0 plugins.
Preloading 0 native plugins for Editor in 0.00 ms.
Unloading 2703 Unused Serialized files (Serialized files now loaded: 0)
System memory in use before: 122.4 MB.
System memory in use after: 122.6 MB.

Unloading 15 unused Assets to reduce memory usage. Loaded Objects now: 3151.
Total: 4.743000 ms (FindLiveObjects: 0.486000 ms CreateObjectMapping: 0.271100 ms MarkObjects: 3.836300 ms  DeleteObjects: 0.147700 ms)

========================================================================
Received Import Request.
  path: Assets/script/NewBehaviourScript.cs
  artifactKey: Guid(d7b50f3a78c09be4ca10ee90d99bc0e3) Importer(815301076,1909f56bfc062723c751e8b465ee728b)
Start importing Assets/script/NewBehaviourScript.cs using Guid(d7b50f3a78c09be4ca10ee90d99bc0e3) Importer(815301076,1909f56bfc062723c751e8b465ee728b)  -> (artifact id: '86ecee988ac208bd9a210cb238492405') in 0.225731 seconds
  Import took 0.295941 seconds .

========================================================================
Received Import Request.
  Time since last request: 2.907568 seconds.
  path: Assets/script/CinemachineShake.cs
  artifactKey: Guid(d7b50f3a78c09be4ca10ee90d99bc0e3) Importer(815301076,1909f56bfc062723c751e8b465ee728b)
Start importing Assets/script/CinemachineShake.cs using Guid(d7b50f3a78c09be4ca10ee90d99bc0e3) Importer(815301076,1909f56bfc062723c751e8b465ee728b)  -> (artifact id: 'd9e8c069ba27251b7a9ffb9b9d037257') in 0.011350 seconds
  Import took 0.052377 seconds .

========================================================================
Received Prepare
Registering precompiled user dll's ...
Registered in 0.002433 seconds.
Begin MonoManager ReloadAssembly
Native extension for WindowsStandalone target not found
Refreshing native plugins compatible for Editor in 0.80 ms, found 0 plugins.
Preloading 0 native plugins for Editor in 0.00 ms.
Invoked RoslynAnalysisRunner static constructor.
RoslynAnalysisRunner will not be running.
RoslynAnalysisRunner has terminated.
Mono: successfully reloaded assembly
- Completed reload, in  1.906 seconds
Platform modules already initialized, skipping
Shader 'Universal Render Pipeline/Particles/Lit': fallback shader 'Universal Render Pipeline/Particles/SimpleLit' not found
Refreshing native plugins compatible for Editor in 0.82 ms, found 0 plugins.
Preloading 0 native plugins for Editor in 0.00 ms.
Unloading 2614 Unused Serialized files (Serialized files now loaded: 0)
System memory in use before: 115.8 MB.
System memory in use after: 116.0 MB.

Unloading 6 unused Assets to reduce memory usage. Loaded Objects now: 3154.
Total: 4.145100 ms (FindLiveObjects: 0.472100 ms CreateObjectMapping: 0.248200 ms MarkObjects: 3.381200 ms  DeleteObjects: 0.041700 ms)

========================================================================
Received Prepare
Registering precompiled user dll's ...
Registered in 0.002255 seconds.
Begin MonoManager ReloadAssembly
Native extension for WindowsStandalone target not found
Refreshing native plugins compatible for Editor in 0.77 ms, found 0 plugins.
Preloading 0 native plugins for Editor in 0.00 ms.
Invoked RoslynAnalysisRunner static constructor.
RoslynAnalysisRunner will not be running.
RoslynAnalysisRunner has terminated.
Mono: successfully reloaded assembly
- Completed reload, in  2.034 seconds
Platform modules already initialized, skipping
Shader 'Universal Render Pipeline/Particles/Lit': fallback shader 'Universal Render Pipeline/Particles/SimpleLit' not found
Refreshing native plugins compatible for Editor in 0.89 ms, found 0 plugins.
Preloading 0 native plugins for Editor in 0.00 ms.
Unloading 2614 Unused Serialized files (Serialized files now loaded: 0)
System memory in use before: 115.9 MB.
System memory in use after: 116.1 MB.

Unloading 6 unused Assets to reduce memory usage. Loaded Objects now: 3157.
Total: 4.810300 ms (FindLiveObjects: 0.831500 ms CreateObjectMapping: 0.331300 ms MarkObjects: 3.613200 ms  DeleteObjects: 0.031900 ms)

========================================================================
Received Prepare
Registering precompiled user dll's ...
Registered in 0.002324 seconds.
Begin MonoManager ReloadAssembly
Native extension for WindowsStandalone target not found
Refreshing native plugins compatible for Editor in 0.79 ms, found 0 plugins.
Preloading 0 native plugins for Editor in 0.00 ms.
Invoked RoslynAnalysisRunner static constructor.
RoslynAnalysisRunner will not be running.
RoslynAnalysisRunner has terminated.
Mono: successfully reloaded assembly
- Completed reload, in  1.938 seconds
Platform modules already initialized, skipping
Shader 'Universal Render Pipeline/Particles/Lit': fallback shader 'Universal Render Pipeline/Particles/SimpleLit' not found
Refreshing native plugins compatible for Editor in 0.81 ms, found 0 plugins.
Preloading 0 native plugins for Editor in 0.00 ms.
Unloading 2614 Unused Serialized files (Serialized files now loaded: 0)
System memory in use before: 115.9 MB.
System memory in use after: 116.1 MB.

Unloading 6 unused Assets to reduce memory usage. Loaded Objects now: 3160.
Total: 4.437700 ms (FindLiveObjects: 0.463300 ms CreateObjectMapping: 0.223100 ms MarkObjects: 3.718000 ms  DeleteObjects: 0.031600 ms)

========================================================================
Received Prepare
Registering precompiled user dll's ...
Registered in 0.003428 seconds.
Begin MonoManager ReloadAssembly
Native extension for WindowsStandalone target not found
Refreshing native plugins compatible for Editor in 0.82 ms, found 0 plugins.
Preloading 0 native plugins for Editor in 0.00 ms.
Invoked RoslynAnalysisRunner static constructor.
RoslynAnalysisRunner will not be running.
RoslynAnalysisRunner has terminated.
Mono: successfully reloaded assembly
- Completed reload, in  1.874 seconds
Platform modules already initialized, skipping
Shader 'Universal Render Pipeline/Particles/Lit': fallback shader 'Universal Render Pipeline/Particles/SimpleLit' not found
Refreshing native plugins compatible for Editor in 0.80 ms, found 0 plugins.
Preloading 0 native plugins for Editor in 0.00 ms.
Unloading 2614 Unused Serialized files (Serialized files now loaded: 0)
System memory in use before: 115.9 MB.
System memory in use after: 116.1 MB.

Unloading 6 unused Assets to reduce memory usage. Loaded Objects now: 3163.
Total: 4.524700 ms (FindLiveObjects: 0.513400 ms CreateObjectMapping: 0.246300 ms MarkObjects: 3.727000 ms  DeleteObjects: 0.035800 ms)

========================================================================
Received Prepare
Registering precompiled user dll's ...
Registered in 0.002207 seconds.
Begin MonoManager ReloadAssembly
Native extension for WindowsStandalone target not found
Refreshing native plugins compatible for Editor in 0.81 ms, found 0 plugins.
Preloading 0 native plugins for Editor in 0.00 ms.
Invoked RoslynAnalysisRunner static constructor.
RoslynAnalysisRunner will not be running.
RoslynAnalysisRunner has terminated.
Mono: successfully reloaded assembly
- Completed reload, in  1.877 seconds
Platform modules already initialized, skipping
Shader 'Universal Render Pipeline/Particles/Lit': fallback shader 'Universal Render Pipeline/Particles/SimpleLit' not found
Refreshing native plugins compatible for Editor in 0.86 ms, found 0 plugins.
Preloading 0 native plugins for Editor in 0.00 ms.
Unloading 2614 Unused Serialized files (Serialized files now loaded: 0)
System memory in use before: 115.9 MB.
System memory in use after: 116.2 MB.

Unloading 6 unused Assets to reduce memory usage. Loaded Objects now: 3166.
Total: 4.294700 ms (FindLiveObjects: 0.455900 ms CreateObjectMapping: 0.258200 ms MarkObjects: 3.542000 ms  DeleteObjects: 0.036900 ms)

========================================================================
Received Prepare
Registering precompiled user dll's ...
Registered in 0.003206 seconds.
Begin MonoManager ReloadAssembly
Native extension for WindowsStandalone target not found
Refreshing native plugins compatible for Editor in 0.80 ms, found 0 plugins.
Preloading 0 native plugins for Editor in 0.00 ms.
Invoked RoslynAnalysisRunner static constructor.
RoslynAnalysisRunner will not be running.
RoslynAnalysisRunner has terminated.
Mono: successfully reloaded assembly
- Completed reload, in  1.891 seconds
Platform modules already initialized, skipping
Shader 'Universal Render Pipeline/Particles/Lit': fallback shader 'Universal Render Pipeline/Particles/SimpleLit' not found
Refreshing native plugins compatible for Editor in 0.80 ms, found 0 plugins.
Preloading 0 native plugins for Editor in 0.00 ms.
Unloading 2614 Unused Serialized files (Serialized files now loaded: 0)
System memory in use before: 115.9 MB.
System memory in use after: 116.2 MB.

Unloading 6 unused Assets to reduce memory usage. Loaded Objects now: 3169.
Total: 4.606700 ms (FindLiveObjects: 0.483400 ms CreateObjectMapping: 0.238000 ms MarkObjects: 3.852100 ms  DeleteObjects: 0.031600 ms)

========================================================================
Received Prepare
Registering precompiled user dll's ...
Registered in 0.002656 seconds.
Begin MonoManager ReloadAssembly
Native extension for WindowsStandalone target not found
Refreshing native plugins compatible for Editor in 0.79 ms, found 0 plugins.
Preloading 0 native plugins for Editor in 0.00 ms.
Invoked RoslynAnalysisRunner static constructor.
RoslynAnalysisRunner will not be running.
RoslynAnalysisRunner has terminated.
Mono: successfully reloaded assembly
- Completed reload, in  1.842 seconds
Platform modules already initialized, skipping
Shader 'Universal Render Pipeline/Particles/Lit': fallback shader 'Universal Render Pipeline/Particles/SimpleLit' not found
Refreshing native plugins compatible for Editor in 0.80 ms, found 0 plugins.
Preloading 0 native plugins for Editor in 0.00 ms.
Unloading 2614 Unused Serialized files (Serialized files now loaded: 0)
System memory in use before: 115.9 MB.
System memory in use after: 116.2 MB.

Unloading 6 unused Assets to reduce memory usage. Loaded Objects now: 3172.
Total: 4.614700 ms (FindLiveObjects: 0.476400 ms CreateObjectMapping: 0.240100 ms MarkObjects: 3.867800 ms  DeleteObjects: 0.028400 ms)

========================================================================
Received Prepare
Registering precompiled user dll's ...
Registered in 0.002265 seconds.
Begin MonoManager ReloadAssembly
Native extension for WindowsStandalone target not found
Refreshing native plugins compatible for Editor in 0.90 ms, found 0 plugins.
Preloading 0 native plugins for Editor in 0.00 ms.
Invoked RoslynAnalysisRunner static constructor.
RoslynAnalysisRunner will not be running.
RoslynAnalysisRunner has terminated.
Mono: successfully reloaded assembly
- Completed reload, in  1.868 seconds
Platform modules already initialized, skipping
Shader 'Universal Render Pipeline/Particles/Lit': fallback shader 'Universal Render Pipeline/Particles/SimpleLit' not found
Refreshing native plugins compatible for Editor in 0.85 ms, found 0 plugins.
Preloading 0 native plugins for Editor in 0.00 ms.
Unloading 2614 Unused Serialized files (Serialized files now loaded: 0)
System memory in use before: 116.0 MB.
System memory in use after: 116.2 MB.

Unloading 6 unused Assets to reduce memory usage. Loaded Objects now: 3175.
Total: 4.184500 ms (FindLiveObjects: 0.437500 ms CreateObjectMapping: 0.234700 ms MarkObjects: 3.481200 ms  DeleteObjects: 0.029400 ms)

========================================================================
Received Prepare
Registering precompiled user dll's ...
Registered in 0.002359 seconds.
Begin MonoManager ReloadAssembly
Native extension for WindowsStandalone target not found
Refreshing native plugins compatible for Editor in 0.80 ms, found 0 plugins.
Preloading 0 native plugins for Editor in 0.00 ms.
Invoked RoslynAnalysisRunner static constructor.
RoslynAnalysisRunner will not be running.
RoslynAnalysisRunner has terminated.
Mono: successfully reloaded assembly
- Completed reload, in  1.889 seconds
Platform modules already initialized, skipping
Shader 'Universal Render Pipeline/Particles/Lit': fallback shader 'Universal Render Pipeline/Particles/SimpleLit' not found
Refreshing native plugins compatible for Editor in 0.80 ms, found 0 plugins.
Preloading 0 native plugins for Editor in 0.00 ms.
Unloading 2614 Unused Serialized files (Serialized files now loaded: 0)
System memory in use before: 116.0 MB.
System memory in use after: 116.2 MB.

Unloading 6 unused Assets to reduce memory usage. Loaded Objects now: 3178.
Total: 4.147000 ms (FindLiveObjects: 0.505300 ms CreateObjectMapping: 0.273400 ms MarkObjects: 3.333900 ms  DeleteObjects: 0.032400 ms)

========================================================================
Received Prepare
Registering precompiled user dll's ...
Registered in 0.002335 seconds.
Begin MonoManager ReloadAssembly
Native extension for WindowsStandalone target not found
Refreshing native plugins compatible for Editor in 0.82 ms, found 0 plugins.
Preloading 0 native plugins for Editor in 0.00 ms.
Invoked RoslynAnalysisRunner static constructor.
RoslynAnalysisRunner will not be running.
RoslynAnalysisRunner has terminated.
Mono: successfully reloaded assembly
- Completed reload, in  1.880 seconds
Platform modules already initialized, skipping
Shader 'Universal Render Pipeline/Particles/Lit': fallback shader 'Universal Render Pipeline/Particles/SimpleLit' not found
Refreshing native plugins compatible for Editor in 0.82 ms, found 0 plugins.
Preloading 0 native plugins for Editor in 0.00 ms.
Unloading 2614 Unused Serialized files (Serialized files now loaded: 0)
System memory in use before: 116.0 MB.
System memory in use after: 116.2 MB.

Unloading 6 unused Assets to reduce memory usage. Loaded Objects now: 3181.
Total: 4.762400 ms (FindLiveObjects: 0.484000 ms CreateObjectMapping: 0.274200 ms MarkObjects: 3.964500 ms  DeleteObjects: 0.037500 ms)

========================================================================
Received Prepare
Registering precompiled user dll's ...
Registered in 0.002215 seconds.
Begin MonoManager ReloadAssembly
Native extension for WindowsStandalone target not found
Refreshing native plugins compatible for Editor in 0.81 ms, found 0 plugins.
Preloading 0 native plugins for Editor in 0.00 ms.
Invoked RoslynAnalysisRunner static constructor.
RoslynAnalysisRunner will not be running.
RoslynAnalysisRunner has terminated.
Mono: successfully reloaded assembly
- Completed reload, in  1.913 seconds
Platform modules already initialized, skipping
Shader 'Universal Render Pipeline/Particles/Lit': fallback shader 'Universal Render Pipeline/Particles/SimpleLit' not found
Refreshing native plugins compatible for Editor in 0.83 ms, found 0 plugins.
Preloading 0 native plugins for Editor in 0.00 ms.
Unloading 2614 Unused Serialized files (Serialized files now loaded: 0)
System memory in use before: 116.0 MB.
System memory in use after: 116.2 MB.

Unloading 6 unused Assets to reduce memory usage. Loaded Objects now: 3184.
Total: 4.446200 ms (FindLiveObjects: 0.453600 ms CreateObjectMapping: 0.219700 ms MarkObjects: 3.739900 ms  DeleteObjects: 0.031400 ms)

========================================================================
Received Prepare
Registering precompiled user dll's ...
Registered in 0.002203 seconds.
Begin MonoManager ReloadAssembly
Native extension for WindowsStandalone target not found
Refreshing native plugins compatible for Editor in 0.87 ms, found 0 plugins.
Preloading 0 native plugins for Editor in 0.00 ms.
Invoked RoslynAnalysisRunner static constructor.
RoslynAnalysisRunner will not be running.
RoslynAnalysisRunner has terminated.
Mono: successfully reloaded assembly
- Completed reload, in  1.883 seconds
Platform modules already initialized, skipping
Shader 'Universal Render Pipeline/Particles/Lit': fallback shader 'Universal Render Pipeline/Particles/SimpleLit' not found
Refreshing native plugins compatible for Editor in 0.80 ms, found 0 plugins.
Preloading 0 native plugins for Editor in 0.00 ms.
Unloading 2614 Unused Serialized files (Serialized files now loaded: 0)
System memory in use before: 116.0 MB.
System memory in use after: 116.2 MB.

Unloading 6 unused Assets to reduce memory usage. Loaded Objects now: 3187.
Total: 4.395100 ms (FindLiveObjects: 0.654000 ms CreateObjectMapping: 0.338700 ms MarkObjects: 3.371900 ms  DeleteObjects: 0.028800 ms)

========================================================================
Received Prepare
Registering precompiled user dll's ...
Registered in 0.002276 seconds.
Begin MonoManager ReloadAssembly
Native extension for WindowsStandalone target not found
Refreshing native plugins compatible for Editor in 0.79 ms, found 0 plugins.
Preloading 0 native plugins for Editor in 0.00 ms.
Invoked RoslynAnalysisRunner static constructor.
RoslynAnalysisRunner will not be running.
RoslynAnalysisRunner has terminated.
Mono: successfully reloaded assembly
- Completed reload, in  2.010 seconds
Platform modules already initialized, skipping
Shader 'Universal Render Pipeline/Particles/Lit': fallback shader 'Universal Render Pipeline/Particles/SimpleLit' not found
Refreshing native plugins compatible for Editor in 0.80 ms, found 0 plugins.
Preloading 0 native plugins for Editor in 0.00 ms.
Unloading 2614 Unused Serialized files (Serialized files now loaded: 0)
System memory in use before: 116.0 MB.
System memory in use after: 116.2 MB.

Unloading 6 unused Assets to reduce memory usage. Loaded Objects now: 3190.
Total: 6.284500 ms (FindLiveObjects: 0.465400 ms CreateObjectMapping: 0.345800 ms MarkObjects: 5.419700 ms  DeleteObjects: 0.050100 ms)

========================================================================
Received Import Request.
  Time since last request: 1392.025359 seconds.
  path: ProjectSettings/TagManager.asset
  artifactKey: Guid(00000000000000003000000000000000) Importer(815301076,1909f56bfc062723c751e8b465ee728b)
Start importing ProjectSettings/TagManager.asset using Guid(00000000000000003000000000000000) Importer(815301076,1909f56bfc062723c751e8b465ee728b)  -> (artifact id: '8654facc5fa629be5b92b64465c2dcac') in 0.197501 seconds
  Import took 0.222590 seconds .

========================================================================
Received Prepare
Registering precompiled user dll's ...
Registered in 0.002236 seconds.
Begin MonoManager ReloadAssembly
Native extension for WindowsStandalone target not found
Refreshing native plugins compatible for Editor in 0.84 ms, found 0 plugins.
Preloading 0 native plugins for Editor in 0.00 ms.
Invoked RoslynAnalysisRunner static constructor.
RoslynAnalysisRunner will not be running.
RoslynAnalysisRunner has terminated.
Mono: successfully reloaded assembly
- Completed reload, in  2.025 seconds
Platform modules already initialized, skipping
Shader 'Universal Render Pipeline/Particles/Lit': fallback shader 'Universal Render Pipeline/Particles/SimpleLit' not found
Refreshing native plugins compatible for Editor in 1.31 ms, found 0 plugins.
Preloading 0 native plugins for Editor in 0.00 ms.
Unloading 2614 Unused Serialized files (Serialized files now loaded: 0)
System memory in use before: 116.0 MB.
System memory in use after: 116.2 MB.

Unloading 7 unused Assets to reduce memory usage. Loaded Objects now: 3193.
Total: 4.409900 ms (FindLiveObjects: 0.457100 ms CreateObjectMapping: 0.216900 ms MarkObjects: 3.693900 ms  DeleteObjects: 0.040400 ms)

========================================================================
Received Prepare
Registering precompiled user dll's ...
Registered in 0.002301 seconds.
Begin MonoManager ReloadAssembly
Native extension for WindowsStandalone target not found
Refreshing native plugins compatible for Editor in 0.80 ms, found 0 plugins.
Preloading 0 native plugins for Editor in 0.00 ms.
Invoked RoslynAnalysisRunner static constructor.
RoslynAnalysisRunner will not be running.
RoslynAnalysisRunner has terminated.
Mono: successfully reloaded assembly
- Completed reload, in  1.972 seconds
Platform modules already initialized, skipping
Shader 'Universal Render Pipeline/Particles/Lit': fallback shader 'Universal Render Pipeline/Particles/SimpleLit' not found
Refreshing native plugins compatible for Editor in 0.83 ms, found 0 plugins.
Preloading 0 native plugins for Editor in 0.00 ms.
Unloading 2614 Unused Serialized files (Serialized files now loaded: 0)
System memory in use before: 116.0 MB.
System memory in use after: 116.2 MB.

Unloading 6 unused Assets to reduce memory usage. Loaded Objects now: 3196.
Total: 4.777100 ms (FindLiveObjects: 0.516800 ms CreateObjectMapping: 0.328700 ms MarkObjects: 3.898300 ms  DeleteObjects: 0.031200 ms)

========================================================================
Received Import Request.
  Time since last request: 224.551794 seconds.
  path: Assets/prefabs/enemy1.prefab
  artifactKey: Guid(3b0b603b33b77124f8703e40966e7013) Importer(815301076,1909f56bfc062723c751e8b465ee728b)
Start importing Assets/prefabs/enemy1.prefab using Guid(3b0b603b33b77124f8703e40966e7013) Importer(815301076,1909f56bfc062723c751e8b465ee728b)  -> (artifact id: '1865d265951027c50833d2d9aa5b5569') in 0.483966 seconds
  Import took 0.572648 seconds .

========================================================================
Received Import Request.
  Time since last request: 215.159734 seconds.
  path: Assets/prefabs/enemy1.prefab
  artifactKey: Guid(3b0b603b33b77124f8703e40966e7013) Importer(815301076,1909f56bfc062723c751e8b465ee728b)
Start importing Assets/prefabs/enemy1.prefab using Guid(3b0b603b33b77124f8703e40966e7013) Importer(815301076,1909f56bfc062723c751e8b465ee728b)  -> (artifact id: 'db667e98e97028f902fb04c0a0ecd452') in 0.037550 seconds
  Import took 0.185249 seconds .

========================================================================
Received Import Request.
  Time since last request: 5.743438 seconds.
  path: Assets/prefabs/enemy1.prefab
  artifactKey: Guid(3b0b603b33b77124f8703e40966e7013) Importer(815301076,1909f56bfc062723c751e8b465ee728b)
Start importing Assets/prefabs/enemy1.prefab using Guid(3b0b603b33b77124f8703e40966e7013) Importer(815301076,1909f56bfc062723c751e8b465ee728b)  -> (artifact id: '09273b57bb1819f1ac8af0ac1e671d93') in 0.024292 seconds
  Import took 0.058388 seconds .

========================================================================
Received Import Request.
  Time since last request: 49.341718 seconds.
  path: Assets/camshake noise/enemy1 Raw Signal.asset
  artifactKey: Guid(44cac1976f424ff4fbe39df60c9c5f1a) Importer(815301076,1909f56bfc062723c751e8b465ee728b)
Start importing Assets/camshake noise/enemy1 Raw Signal.asset using Guid(44cac1976f424ff4fbe39df60c9c5f1a) Importer(815301076,1909f56bfc062723c751e8b465ee728b)  -> (artifact id: 'dcbc4332f08f79f27f6f01b15356a1d2') in 0.016658 seconds
  Import took 0.215653 seconds .

========================================================================
Received Import Request.
  Time since last request: 0.002823 seconds.
  path: Assets/camshake noise/enemy1 Raw Signal.asset
  artifactKey: Guid(44cac1976f424ff4fbe39df60c9c5f1a) Importer(815301076,1909f56bfc062723c751e8b465ee728b)
Start importing Assets/camshake noise/enemy1 Raw Signal.asset using Guid(44cac1976f424ff4fbe39df60c9c5f1a) Importer(815301076,1909f56bfc062723c751e8b465ee728b)  -> (artifact id: 'dcbc4332f08f79f27f6f01b15356a1d2') in 0.005121 seconds
  Import took 0.113003 seconds .

========================================================================
Received Prepare
Registering precompiled user dll's ...
Registered in 0.001204 seconds.
Begin MonoManager ReloadAssembly
Native extension for WindowsStandalone target not found
Refreshing native plugins compatible for Editor in 0.56 ms, found 0 plugins.
Preloading 0 native plugins for Editor in 0.00 ms.
Invoked RoslynAnalysisRunner static constructor.
RoslynAnalysisRunner will not be running.
RoslynAnalysisRunner has terminated.
Mono: successfully reloaded assembly
- Completed reload, in  1.188 seconds
Platform modules already initialized, skipping
Shader 'Universal Render Pipeline/Particles/Lit': fallback shader 'Universal Render Pipeline/Particles/SimpleLit' not found
Refreshing native plugins compatible for Editor in 0.90 ms, found 0 plugins.
Preloading 0 native plugins for Editor in 0.00 ms.
Unloading 2614 Unused Serialized files (Serialized files now loaded: 0)
System memory in use before: 119.0 MB.
System memory in use after: 119.3 MB.

Unloading 6 unused Assets to reduce memory usage. Loaded Objects now: 3206.
Total: 4.790500 ms (FindLiveObjects: 0.530400 ms CreateObjectMapping: 0.250500 ms MarkObjects: 3.975800 ms  DeleteObjects: 0.031800 ms)

========================================================================
Received Import Request.
  Time since last request: 102.924632 seconds.
  path: Assets/prefabs/bullet_0.prefab
  artifactKey: Guid(26502674ef1b055448d3cff3a0e4d41f) Importer(815301076,1909f56bfc062723c751e8b465ee728b)
Start importing Assets/prefabs/bullet_0.prefab using Guid(26502674ef1b055448d3cff3a0e4d41f) Importer(815301076,1909f56bfc062723c751e8b465ee728b)  -> (artifact id: '9e471bf1bfccb3c95696155c0f864920') in 0.165211 seconds
  Import took 0.226931 seconds .

========================================================================
Received Import Request.
  Time since last request: 6.320888 seconds.
  path: Assets/prefabs/bullet_0.prefab
  artifactKey: Guid(26502674ef1b055448d3cff3a0e4d41f) Importer(815301076,1909f56bfc062723c751e8b465ee728b)
Start importing Assets/prefabs/bullet_0.prefab using Guid(26502674ef1b055448d3cff3a0e4d41f) Importer(815301076,1909f56bfc062723c751e8b465ee728b)  -> (artifact id: 'e351b07dcdf555d97eead72a30dc57da') in 0.030699 seconds
  Import took 0.067677 seconds .

========================================================================
Received Import Request.
  Time since last request: 15.338678 seconds.
  path: Assets/prefabs/bullet_0.prefab
  artifactKey: Guid(26502674ef1b055448d3cff3a0e4d41f) Importer(815301076,1909f56bfc062723c751e8b465ee728b)
Start importing Assets/prefabs/bullet_0.prefab using Guid(26502674ef1b055448d3cff3a0e4d41f) Importer(815301076,1909f56bfc062723c751e8b465ee728b)  -> (artifact id: 'dccfa3985a198aa5652f5334d315ab11') in 0.011217 seconds
  Import took 0.017571 seconds .

========================================================================
Received Import Request.
  Time since last request: 11.092727 seconds.
  path: Assets/prefabs/bullet_0.prefab
  artifactKey: Guid(26502674ef1b055448d3cff3a0e4d41f) Importer(815301076,1909f56bfc062723c751e8b465ee728b)
Start importing Assets/prefabs/bullet_0.prefab using Guid(26502674ef1b055448d3cff3a0e4d41f) Importer(815301076,1909f56bfc062723c751e8b465ee728b)  -> (artifact id: 'd4d832ca53dfe64b385f1205f64a7b36') in 0.018270 seconds
  Import took 0.042923 seconds .

========================================================================
Received Prepare
Registering precompiled user dll's ...
Registered in 0.004014 seconds.
Begin MonoManager ReloadAssembly
Native extension for WindowsStandalone target not found
Refreshing native plugins compatible for Editor in 1.68 ms, found 0 plugins.
Preloading 0 native plugins for Editor in 0.00 ms.
Invoked RoslynAnalysisRunner static constructor.
RoslynAnalysisRunner will not be running.
RoslynAnalysisRunner has terminated.
Mono: successfully reloaded assembly
- Completed reload, in  2.173 seconds
Platform modules already initialized, skipping
Shader 'Universal Render Pipeline/Particles/Lit': fallback shader 'Universal Render Pipeline/Particles/SimpleLit' not found
Refreshing native plugins compatible for Editor in 0.82 ms, found 0 plugins.
Preloading 0 native plugins for Editor in 0.00 ms.
Unloading 2614 Unused Serialized files (Serialized files now loaded: 0)
System memory in use before: 119.1 MB.
System memory in use after: 119.3 MB.

Unloading 6 unused Assets to reduce memory usage. Loaded Objects now: 3210.
Total: 4.046700 ms (FindLiveObjects: 0.457800 ms CreateObjectMapping: 0.267800 ms MarkObjects: 3.289200 ms  DeleteObjects: 0.030200 ms)

========================================================================
Received Import Request.
  Time since last request: 40.302921 seconds.
  path: Assets/prefabs/bullet_0.prefab
  artifactKey: Guid(26502674ef1b055448d3cff3a0e4d41f) Importer(815301076,1909f56bfc062723c751e8b465ee728b)
Start importing Assets/prefabs/bullet_0.prefab using Guid(26502674ef1b055448d3cff3a0e4d41f) Importer(815301076,1909f56bfc062723c751e8b465ee728b)  -> (artifact id: '7a9292bf03d048eeb96c16d4ab1cb471') in 0.130139 seconds
  Import took 0.423887 seconds .

========================================================================
Received Prepare
Registering precompiled user dll's ...
Registered in 0.002201 seconds.
Begin MonoManager ReloadAssembly
Native extension for WindowsStandalone target not found
Refreshing native plugins compatible for Editor in 0.78 ms, found 0 plugins.
Preloading 0 native plugins for Editor in 0.00 ms.
Invoked RoslynAnalysisRunner static constructor.
RoslynAnalysisRunner will not be running.
RoslynAnalysisRunner has terminated.
Mono: successfully reloaded assembly
- Completed reload, in  1.956 seconds
Platform modules already initialized, skipping
Shader 'Universal Render Pipeline/Particles/Lit': fallback shader 'Universal Render Pipeline/Particles/SimpleLit' not found
Refreshing native plugins compatible for Editor in 0.77 ms, found 0 plugins.
Preloading 0 native plugins for Editor in 0.00 ms.
Unloading 2614 Unused Serialized files (Serialized files now loaded: 0)
System memory in use before: 119.1 MB.
System memory in use after: 119.3 MB.

Unloading 6 unused Assets to reduce memory usage. Loaded Objects now: 3214.
Total: 5.409200 ms (FindLiveObjects: 0.728600 ms CreateObjectMapping: 0.317100 ms MarkObjects: 4.324400 ms  DeleteObjects: 0.036400 ms)

========================================================================
Received Prepare
Registering precompiled user dll's ...
Registered in 0.002775 seconds.
Begin MonoManager ReloadAssembly
Native extension for WindowsStandalone target not found
Refreshing native plugins compatible for Editor in 0.79 ms, found 0 plugins.
Preloading 0 native plugins for Editor in 0.00 ms.
Invoked RoslynAnalysisRunner static constructor.
RoslynAnalysisRunner will not be running.
RoslynAnalysisRunner has terminated.
Mono: successfully reloaded assembly
- Completed reload, in  1.925 seconds
Platform modules already initialized, skipping
Shader 'Universal Render Pipeline/Particles/Lit': fallback shader 'Universal Render Pipeline/Particles/SimpleLit' not found
Refreshing native plugins compatible for Editor in 0.83 ms, found 0 plugins.
Preloading 0 native plugins for Editor in 0.00 ms.
Unloading 2614 Unused Serialized files (Serialized files now loaded: 0)
System memory in use before: 119.1 MB.
System memory in use after: 119.3 MB.

Unloading 6 unused Assets to reduce memory usage. Loaded Objects now: 3217.
Total: 4.156600 ms (FindLiveObjects: 0.449000 ms CreateObjectMapping: 0.223600 ms MarkObjects: 3.447900 ms  DeleteObjects: 0.034000 ms)

========================================================================
Received Prepare
Registering precompiled user dll's ...
Registered in 0.002357 seconds.
Begin MonoManager ReloadAssembly
Native extension for WindowsStandalone target not found
Refreshing native plugins compatible for Editor in 0.83 ms, found 0 plugins.
Preloading 0 native plugins for Editor in 0.00 ms.
Invoked RoslynAnalysisRunner static constructor.
RoslynAnalysisRunner will not be running.
RoslynAnalysisRunner has terminated.
Mono: successfully reloaded assembly
- Completed reload, in  1.891 seconds
Platform modules already initialized, skipping
Shader 'Universal Render Pipeline/Particles/Lit': fallback shader 'Universal Render Pipeline/Particles/SimpleLit' not found
Refreshing native plugins compatible for Editor in 0.78 ms, found 0 plugins.
Preloading 0 native plugins for Editor in 0.00 ms.
Unloading 2614 Unused Serialized files (Serialized files now loaded: 0)
System memory in use before: 119.1 MB.
System memory in use after: 119.3 MB.

Unloading 6 unused Assets to reduce memory usage. Loaded Objects now: 3220.
Total: 4.358100 ms (FindLiveObjects: 0.541400 ms CreateObjectMapping: 0.274000 ms MarkObjects: 3.507700 ms  DeleteObjects: 0.031300 ms)

AssetImportWorkerClient::OnTransportError - code=2 error=End of file
